2025-08-16T16:16:14.717Z [[32minfo[39m]: No Redis URL provided, using in-memory cache
2025-08-16T16:16:14.719Z [[32minfo[39m]: Redis connected successfully
2025-08-16T16:16:14.720Z [[32minfo[39m]: Initializing background jobs...
2025-08-16T16:16:14.720Z [[32minfo[39m]: Background jobs initialized successfully
2025-08-16T16:16:14.720Z [[32minfo[39m]: Background jobs initialized
2025-08-16T16:16:14.722Z [[32minfo[39m]: 🚀 Server running on port 3002
2025-08-16T16:16:14.722Z [[32minfo[39m]: 📱 Environment: development
2025-08-16T16:16:14.722Z [[32minfo[39m]: 🔗 Socket.IO enabled
2025-08-16T16:16:14.722Z [[32minfo[39m]: 📋 API Documentation: http://localhost:3002/health
2025-08-16T16:16:24.434Z [[32minfo[39m]: ::ffff:127.0.0.1 - - [16/Aug/2025:16:16:24 +0000] "GET /health HTTP/1.1" 200 109 "-" "curl/7.88.1"
2025-08-16T17:27:33.006Z [[32minfo[39m]: No Redis URL provided, using in-memory cache
2025-08-16T17:27:33.010Z [[32minfo[39m]: Redis connected successfully
2025-08-16T17:27:33.010Z [[32minfo[39m]: Initializing background jobs...
2025-08-16T17:27:33.011Z [[32minfo[39m]: Background jobs initialized successfully
2025-08-16T17:27:33.011Z [[32minfo[39m]: Background jobs initialized
2025-08-16T17:27:33.013Z [[32minfo[39m]: 🚀 Server running on port 3002
2025-08-16T17:27:33.014Z [[32minfo[39m]: 📱 Environment: development
2025-08-16T17:27:33.015Z [[32minfo[39m]: 🔗 Socket.IO enabled
2025-08-16T17:27:33.015Z [[32minfo[39m]: 📋 API Documentation: http://localhost:3002/health
2025-08-16T17:31:42.372Z [[32minfo[39m]: No Redis URL provided, using in-memory cache
2025-08-16T17:31:42.375Z [[32minfo[39m]: Redis connected successfully
2025-08-16T17:31:42.375Z [[32minfo[39m]: Initializing background jobs...
2025-08-16T17:31:42.375Z [[32minfo[39m]: Background jobs initialized successfully
2025-08-16T17:31:42.376Z [[32minfo[39m]: Background jobs initialized
2025-08-16T17:31:42.377Z [[32minfo[39m]: 🚀 Server running on port 3002
2025-08-16T17:31:42.378Z [[32minfo[39m]: 📱 Environment: development
2025-08-16T17:31:42.378Z [[32minfo[39m]: 🔗 Socket.IO enabled
2025-08-16T17:31:42.378Z [[32minfo[39m]: 📋 API Documentation: http://localhost:3002/health
